adwaita-cursor-theme-3.28.0-1.el7.noarch.rpm
adwaita-icon-theme-3.28.0-1.el7.noarch.rpm
alsa-lib-1.1.6-2.el7.x86_64.rpm
alsa-lib-devel-1.1.6-2.el7.x86_64.rpm
audit-2.8.4-4.el7.x86_64.rpm
audit-libs-2.8.4-4.el7.x86_64.rpm
audit-libs-devel-2.8.4-4.el7.x86_64.rpm
audit-libs-python-2.8.4-4.el7.x86_64.rpm
collectd-5.8.1-4.el7.x86_64.rpm
collectd-python-5.8.1-4.el7.x86_64.rpm
containerd.io-1.2.5-3.1.el7.x86_64.rpm
containernetworking-plugins-0.8.1-1.el7.centos.x86_64.rpm
copy-jdk-configs-3.3-10.el7_5.noarch.rpm
cppcheck-1.88-3.el7.x86_64.rpm
CUnit-2.1.3-8.el7.x86_64.rpm
CUnit-devel-2.1.3-8.el7.x86_64.rpm
devtoolset-7-binutils-2.28-11.el7.x86_64.rpm
devtoolset-7-gcc-7.3.1-5.10.el7.x86_64.rpm
devtoolset-7-gcc-c++-7.3.1-5.10.el7.x86_64.rpm
devtoolset-7-libstdc++-devel-7.3.1-5.10.el7.x86_64.rpm
devtoolset-7-runtime-7.1-4.el7.x86_64.rpm
docker-ce-18.09.6-3.el7.x86_64.rpm
docker-ce-cli-18.09.6-3.el7.x86_64.rpm
elfutils-0.172-2.el7.x86_64.rpm
elfutils-default-yama-scope-0.172-2.el7.noarch.rpm
elfutils-devel-0.172-2.el7.x86_64.rpm
elfutils-libelf-0.172-2.el7.x86_64.rpm
elfutils-libelf-devel-0.172-2.el7.x86_64.rpm
elfutils-libs-0.172-2.el7.x86_64.rpm
#glib2-2.56.1-2.el7.x86_64.rpm
#glib2-devel-2.56.1-2.el7.x86_64.rpm
#glib2-doc-2.56.1-2.el7.noarch.rpm
glib2-2.56.4-1.el8.x86_64.rpm
glib2-devel-2.56.4-1.el8.x86_64.rpm
glib2-doc-2.56.4-1.el8.noarch.rpm
gsettings-desktop-schemas-3.28.0-2.el7.x86_64.rpm
gssproxy-0.7.0-21.el7.x86_64.rpm
gtk3-3.22.30-3.el7.x86_64.rpm
gtk3-devel-3.22.30-3.el7.x86_64.rpm
gtk3-devel-docs-3.22.30-3.el7.x86_64.rpm
gtk-update-icon-cache-3.22.30-3.el7.x86_64.rpm
ima-evm-utils-1.1-2.el7.x86_64.rpm
ima-evm-utils-devel-1.1-2.el7.x86_64.rpm
iprutils-2.4.16.1-1.el7.x86_64.rpm
java-1.8.0-openjdk-1.8.0.191.b12-1.el7_6.x86_64.rpm
java-1.8.0-openjdk-devel-1.8.0.191.b12-1.el7_6.x86_64.rpm
java-1.8.0-openjdk-headless-1.8.0.191.b12-1.el7_6.x86_64.rpm
kernel-rt-3.10.0-957.21.3.rt56.935.el7.src.rpm
kexec-tools-2.0.15-21.el7.x86_64.rpm
#libblkid-2.23.2-59.el7.x86_64.rpm
libblkid-2.32.1-8.el8.x86_64.rpm
libcom_err-1.42.9-13.el7.x86_64.rpm
libcom_err-devel-1.42.9-13.el7.x86_64.rpm
#libdrm-2.4.91-3.el7.x86_64.rpm
#libdrm-devel-2.4.91-3.el7.x86_64.rpm
libdrm-2.4.96-2.el8.x86_64.rpm
libdrm-devel-2.4.96-2.el8.x86_64.rpm
libldb-1.3.4-1.el7.x86_64.rpm
liboath-2.4.1-9.el7.x86_64.rpm
liboath-devel-2.4.1-9.el7.x86_64.rpm
libsemanage-2.5-14.el7.x86_64.rpm
libsemanage-devel-2.5-14.el7.x86_64.rpm
libsemanage-python-2.5-14.el7.x86_64.rpm
libss-1.42.9-13.el7.x86_64.rpm
libss-devel-1.42.9-13.el7.x86_64.rpm
libtalloc-2.1.13-1.el7.x86_64.rpm
libtdb-1.3.15-1.el7.x86_64.rpm
libtevent-0.9.36-1.el7.x86_64.rpm
libwbclient-4.8.3-4.el7.x86_64.rpm
lvm2-2.02.177-4.el7.x86_64.rpm
lvm2-libs-2.02.177-4.el7.x86_64.rpm
mesa-libEGL-18.0.5-3.el7.x86_64.rpm
mesa-libEGL-devel-18.0.5-3.el7.x86_64.rpm
mesa-libgbm-18.0.5-3.el7.x86_64.rpm
mesa-libGL-18.0.5-3.el7.x86_64.rpm
mesa-libglapi-18.0.5-3.el7.x86_64.rpm
mesa-libGL-devel-18.0.5-3.el7.x86_64.rpm
NetworkManager-glib-1.12.0-8.el7_6.x86_64.rpm
NetworkManager-glib-devel-1.12.0-8.el7_6.x86_64.rpm
nss-softokn-3.36.0-5.el7_5.x86_64.rpm
nss-softokn-devel-3.36.0-5.el7_5.x86_64.rpm
nss-softokn-freebl-3.36.0-5.el7_5.x86_64.rpm
nss-softokn-freebl-devel-3.36.0-5.el7_5.x86_64.rpm
ntfs-3g-2017.3.23-11.el7.x86_64.rpm
ntfs-3g-devel-2017.3.23-11.el7.x86_64.rpm
ntfsprogs-2017.3.23-11.el7.x86_64.rpm
openldap-2.4.44-20.el7.x86_64.rpm
openscap-1.2.17-2.el7.x86_64.rpm
openscap-scanner-1.2.17-2.el7.x86_64.rpm
openstack-tempest-17.2.0-4.el7.noarch.rpm
osinfo-db-20180531-1.el7.noarch.rpm
OVMF-20150414-2.gitc9e5618.el7.noarch.rpm
policycoreutils-2.5-29.el7.x86_64.rpm
policycoreutils-devel-2.5-29.el7.x86_64.rpm
policycoreutils-newrole-2.5-29.el7.x86_64.rpm
policycoreutils-python-2.5-29.el7.x86_64.rpm
pulseaudio-libs-10.0-5.el7.x86_64.rpm
pulseaudio-libs-devel-10.0-5.el7.x86_64.rpm
pulseaudio-libs-glib2-10.0-5.el7.x86_64.rpm
pykickstart-1.99.66.19-2.el7.noarch.rpm
#python-2.7.5-76.el7.x86_64.rpm
python2-2.7.15-24.module_el8.0.0+193+7850e68f.x86_64.rpm
python2-google-api-client-1.6.3-1.el7.noarch.rpm
python2-manilaclient-1.17.3-1.el7.noarch.rpm
python2-mistralclient-3.1.4-1.el7.noarch.rpm
python2-msgpack-0.6.1-2.el7.x86_64.rpm
python2-os-brick-1.15.6-1.el7.noarch.rpm
python2-pysocks-1.6.8-6.el7.noarch.rpm
python2-scapy-2.4.0-3.el7.noarch.rpm
python2-sushy-1.1.1-1.el7.noarch.rpm
python2-tempestconf-1.1.3-1.el7.noarch.rpm
python2-urllib3-1.21.1-1.el7.noarch.rpm
python-devel-2.7.5-76.el7.x86_64.rpm
python-ironic-inspector-client-2.1.0-1.el7.noarch.rpm
python-ironic-lib-2.10.1-1.el7.noarch.rpm
python-libguestfs-1.38.2-12.el7_6.1.x86_64.rpm
#python-libs-2.7.5-76.el7.x86_64.rpm
python3-libs-3.6.8-4.el8_0.x86_64.rpm
python2-setuptools-39.0.1-11.module_el8.0.0+32+017b2cba.noarch.rpm
python2-libs-2.7.15-24.module_el8.0.0+193+7850e68f.x86_64.rpm
python-requests-mock-1.3.0-1.el7.noarch.rpm
python-setuptools-22.0.5-1.el7.src.rpm
python-tempest-17.2.0-4.el7.noarch.rpm
python-virtualenv-15.1.0-2.el7.noarch.rpm
rest-0.8.1-2.el7.x86_64.rpm
samba-client-libs-4.8.3-4.el7.x86_64.rpm
samba-common-4.8.3-4.el7.noarch.rpm
samba-common-libs-4.8.3-4.el7.x86_64.rpm
selinux-policy-3.13.1-229.el7_6.6.noarch.rpm
selinux-policy-devel-3.13.1-229.el7_6.6.noarch.rpm
selinux-policy-minimum-3.13.1-229.el7_6.6.noarch.rpm
selinux-policy-mls-3.13.1-229.el7_6.6.noarch.rpm
selinux-policy-targeted-3.13.1-229.el7_6.6.noarch.rpm
spice-protocol-0.12.14-1.el7.noarch.rpm
spice-server-0.14.0-6.el7.x86_64.rpm
spice-server-devel-0.14.0-6.el7.x86_64.rpm
#systemd-219-62.el7_6.5.x86_64.rpm
#systemd-devel-219-62.el7_6.5.x86_64.rpm
#systemd-libs-219-62.el7_6.5.x86_64.rpm
#systemd-sysv-219-62.el7_6.5.x86_64.rpm
systemd-239-13.el8_0.5.x86_64.rpm
systemd-devel-239-13.el8_0.5.x86_64.rpm
systemd-libs-239-13.el8_0.5.x86_64.rpm
systemtap-3.3-3.el7.x86_64.rpm
systemtap-client-3.3-3.el7.x86_64.rpm
systemtap-devel-3.3-3.el7.x86_64.rpm
systemtap-runtime-3.3-3.el7.x86_64.rpm
systemtap-sdt-devel-3.3-3.el7.x86_64.rpm
tcpdump-4.9.2-3.el7.x86_64.rpm
tkinter-2.7.5-76.el7.x86_64.rpm
tuned-2.8.0-5.el7.noarch.rpm
tuned-profiles-realtime-2.8.0-5.el7.noarch.rpm
#util-linux-2.23.2-59.el7.x86_64.rpm
util-linux-2.32.1-8.el8.x86_64.rpm
valgrind-3.13.0-13.el7.x86_64.rpm
valgrind-devel-3.13.0-13.el7.x86_64.rpm
systemd-pam-239-13.el8_0.5.x86_64.rpm
