acl-2.2.53-1.el8.x86_64.rpm
adobe-mappings-cmap-20171205-3.el8.noarch.rpm
adobe-mappings-cmap-deprecated-20171205-3.el8.noarch.rpm
adobe-mappings-pdf-20180407-1.el8.noarch.rpm
alsa-lib-1.1.6-3.el8.x86_64.rpm
annobin-8.64-1.el8.x86_64.rpm
asciidoc-8.6.10-0.5.20180627gitf7c2274.el8.noarch.rpm
atk-2.28.1-1.el8.x86_64.rpm
audit-libs-3.0-0.10.20180831git0047a6c.el8.x86_64.rpm
audit-libs-devel-3.0-0.10.20180831git0047a6c.el8.x86_64.rpm
autoconf-2.69-27.el8.noarch.rpm
automake-1.16.1-6.el8.noarch.rpm
avahi-libs-0.7-19.el8.x86_64.rpm
basesystem-11-5.el8.noarch.rpm
bash-4.4.19-7.el8.src.rpm
bash-4.4.19-8.el8_0.x86_64.rpm
bc-1.07.1-5.el8.x86_64.rpm
bind-export-devel-9.11.4-17.P2.el8_0.1.x86_64.rpm
bind-export-libs-9.11.4-17.P2.el8_0.1.x86_64.rpm
binutils-2.30-49.el8.x86_64.rpm
binutils-devel-2.30-49.el8.x86_64.rpm
bison-3.0.4-10.el8.x86_64.rpm
boost-regex-1.66.0-6.el8.x86_64.rpm
brotli-1.0.6-1.el8.x86_64.rpm
bzip2-1.0.6-26.el8.x86_64.rpm
bzip2-devel-1.0.6-26.el8.x86_64.rpm
bzip2-libs-1.0.6-26.el8.x86_64.rpm
ca-certificates-2018.2.24-6.el8.noarch.rpm
cairo-1.15.12-3.el8.x86_64.rpm
centos-release-8.0-0.1905.0.9.el8.x86_64.rpm
chkconfig-1.11-1.el8.x86_64.rpm
cloud-init-18.2-6.el8.src.rpm
copy-jdk-configs-3.7-1.el8.noarch.rpm
coreutils-8.30-6.el8.x86_64.rpm
coreutils-common-8.30-6.el8.x86_64.rpm
cpio-2.12-8.el8.x86_64.rpm
cpp-8.2.1-3.5.el8.x86_64.rpm
cracklib-2.9.6-15.el8.x86_64.rpm
crypto-policies-20181217-6.git9a35207.el8.noarch.rpm
cryptsetup-libs-2.0.6-1.el8.x86_64.rpm
ctags-5.8-22.el8.x86_64.rpm
cups-libs-2.2.6-25.el8.x86_64.rpm
curl-7.61.1-8.el8.x86_64.rpm
cyrus-sasl-2.1.27-0.3rc7.el8.x86_64.rpm
cyrus-sasl-devel-2.1.27-0.3rc7.el8.x86_64.rpm
cyrus-sasl-lib-2.1.27-0.3rc7.el8.x86_64.rpm
dbus-1.12.8-7.el8.x86_64.rpm
dbus-common-1.12.8-7.el8.noarch.rpm
dbus-daemon-1.12.8-7.el8.x86_64.rpm
dbus-libs-1.12.8-7.el8.x86_64.rpm
dbus-tools-1.12.8-7.el8.x86_64.rpm
device-mapper-1.02.155-6.el8.x86_64.rpm
device-mapper-libs-1.02.155-6.el8.x86_64.rpm
dhcp-4.3.6-30.el8.src.rpm
diffutils-3.6-5.el8.x86_64.rpm
dnf-4.0.9.2-5.el8.noarch.rpm
dnf-data-4.0.9.2-5.el8.noarch.rpm
docbook-dtds-1.0-69.el8.noarch.rpm
docbook-style-xsl-1.79.2-7.el8.noarch.rpm
doxygen-1.8.14-9.el8.x86_64.rpm
dwz-0.12-9.el8.x86_64.rpm
efi-srpm-macros-3-2.el8.noarch.rpm
efivar-libs-36-1.el8.x86_64.rpm
elfutils-0.174-6.el8.x86_64.rpm
elfutils-default-yama-scope-0.174-6.el8.noarch.rpm
elfutils-devel-0.174-6.el8.x86_64.rpm
elfutils-libelf-0.174-6.el8.x86_64.rpm
elfutils-libelf-devel-0.174-6.el8.x86_64.rpm
elfutils-libs-0.174-6.el8.x86_64.rpm
emacs-filesystem-26.1-5.el8.noarch.rpm
epel-release-8-5.el8.noarch.rpm
expat-2.2.5-3.el8.x86_64.rpm
file-5.33-8.el8.x86_64.rpm
file-libs-5.33-8.el8.x86_64.rpm
filesystem-3.8-2.el8.x86_64.rpm
findutils-4.6.0-20.el8.x86_64.rpm
fipscheck-1.5.0-4.el8.x86_64.rpm
fipscheck-lib-1.5.0-4.el8.x86_64.rpm
flex-2.6.1-9.el8.x86_64.rpm
fontconfig-2.13.1-3.el8.x86_64.rpm
fontpackages-filesystem-1.44-22.el8.noarch.rpm
freetype-2.9.1-4.el8.x86_64.rpm
fribidi-1.0.4-6.el8.x86_64.rpm
gamin-0.1.10-31.el8.x86_64.rpm
gamin-devel-0.1.10-31.el8.x86_64.rpm
gawk-4.2.1-1.el8.x86_64.rpm
gc-7.6.4-3.el8.x86_64.rpm
gcc-8.2.1-3.5.el8.x86_64.rpm
gcc-c++-8.2.1-3.5.el8.x86_64.rpm
gd-2.2.5-6.el8.x86_64.rpm
gdb-headless-8.2-6.el8_0.x86_64.rpm
gdbm-1.18-1.el8.x86_64.rpm
gdbm-devel-1.18-1.el8.x86_64.rpm
gdbm-libs-1.18-1.el8.x86_64.rpm
gdk-pixbuf2-2.36.12-2.el8.x86_64.rpm
gdk-pixbuf2-modules-2.36.12-2.el8.x86_64.rpm
GeoIP-1.6.12-5.el8.x86_64.rpm
GeoIP-devel-1.6.12-5.el8.x86_64.rpm
GeoIP-GeoLite-data-2018.06-3.el8.noarch.rpm
gettext-0.19.8.1-14.el8.x86_64.rpm
gettext-libs-0.19.8.1-14.el8.x86_64.rpm
ghc-srpm-macros-1.4.2-7.el8.noarch.rpm
giflib-5.1.4-3.el8.x86_64.rpm
git-2.18.1-3.el8.x86_64.rpm
git-core-2.18.1-3.el8.x86_64.rpm
git-core-doc-2.18.1-3.el8.noarch.rpm
glib2-2.56.4-1.el8.x86_64.rpm
glib2-devel-2.56.4-1.el8.x86_64.rpm
glibc-2.28-42.el8_0.1.x86_64.rpm
glibc-all-langpacks-2.28-42.el8_0.1.x86_64.rpm
glibc-common-2.28-42.el8_0.1.x86_64.rpm
glibc-devel-2.28-42.el8_0.1.x86_64.rpm
glibc-headers-2.28-42.el8_0.1.x86_64.rpm
glibc-static-2.28-42.el8_0.1.x86_64.rpm
gmp-6.1.2-8.el8.x86_64.rpm
gnupg2-2.2.9-1.el8.x86_64.rpm
gnutls-3.6.5-2.el8.x86_64.rpm
google-droid-sans-fonts-20120715-13.el8.noarch.rpm
go-srpm-macros-2-16.el8.noarch.rpm
gpgme-1.10.0-6.el8.0.1.x86_64.rpm
graphite2-1.3.10-10.el8.x86_64.rpm
graphviz-2.40.1-39.el8.x86_64.rpm
grep-3.1-6.el8.x86_64.rpm
groff-base-1.22.3-18.el8.x86_64.rpm
gtk2-2.24.32-4.el8.x86_64.rpm
gtk-update-icon-cache-3.22.30-3.el8.x86_64.rpm
guile-2.0.14-7.el8.x86_64.rpm
gzip-1.9-4.el8.x86_64.rpm
harfbuzz-1.7.5-3.el8.x86_64.rpm
hicolor-icon-theme-0.17-2.el8.noarch.rpm
hostname-3.20-6.el8.x86_64.rpm
hwdata-0.314-8.0.el8.noarch.rpm
ima-evm-utils-1.1-4.el8.x86_64.rpm
info-6.5-4.el8.x86_64.rpm
initscripts-10.00.1-1.el8.src.rpm
iptables-libs-1.8.2-9.el8_0.1.x86_64.rpm
isl-0.16.1-6.el8.x86_64.rpm
jasper-libs-2.0.14-4.el8.x86_64.rpm
java-1.8.0-openjdk-1.8.0.232.b09-0.el8_0.x86_64.rpm
java-1.8.0-openjdk-devel-1.8.0.232.b09-0.el8_0.x86_64.rpm
java-1.8.0-openjdk-headless-1.8.0.232.b09-0.el8_0.x86_64.rpm
javapackages-filesystem-5.3.0-2.module_el8.0.0+30+832da3a1.noarch.rpm
jbig2dec-libs-0.14-2.el8.x86_64.rpm
jbigkit-libs-2.1-14.el8.x86_64.rpm
json-c-0.13.1-0.2.el8.x86_64.rpm
kernel-4.18.0-80.7.1.el8_0.src.rpm
kernel-headers-4.18.0-80.7.1.el8_0.x86_64.rpm
keyutils-libs-1.5.10-6.el8.x86_64.rpm
keyutils-libs-devel-1.5.10-6.el8.x86_64.rpm
kmod-25-11.el8_0.2.x86_64.rpm
kmod-libs-25-11.el8_0.2.x86_64.rpm
krb5-devel-1.16.1-22.el8.x86_64.rpm
krb5-libs-1.16.1-22.el8.x86_64.rpm
lcms2-2.9-2.el8.x86_64.rpm
less-530-1.el8.x86_64.rpm
libacl-2.2.53-1.el8.x86_64.rpm
libaio-0.3.110-12.el8.x86_64.rpm
libarchive-3.3.2-3.el8.x86_64.rpm
libassuan-2.5.1-3.el8.x86_64.rpm
libatomic_ops-7.6.2-3.el8.x86_64.rpm
libattr-2.4.48-3.el8.x86_64.rpm
libattr-devel-2.4.48-3.el8.x86_64.rpm
libbabeltrace-1.5.4-2.el8.x86_64.rpm
libblkid-2.32.1-8.el8.x86_64.rpm
libcap-2.25-9.el8.x86_64.rpm
libcap-devel-2.25-9.el8.x86_64.rpm
libcap-ng-0.7.9-4.el8.x86_64.rpm
libcap-ng-devel-0.7.9-4.el8.x86_64.rpm
libcom_err-1.44.3-2.el8.x86_64.rpm
libcom_err-devel-1.44.3-2.el8.x86_64.rpm
libcomps-0.1.8-13.el8.x86_64.rpm
libcroco-0.6.12-4.el8.x86_64.rpm
libcurl-7.61.1-8.el8.x86_64.rpm
libdatrie-0.2.9-7.el8.x86_64.rpm
libdb-5.3.28-36.el8.x86_64.rpm
libdb-devel-5.3.28-36.el8.x86_64.rpm
libdb-utils-5.3.28-36.el8.x86_64.rpm
libdnf-0.22.5-5.el8_0.x86_64.rpm
libedit-3.1-23.20170329cvs.el8.x86_64.rpm
libfdisk-2.32.1-8.el8.x86_64.rpm
libffi-3.1-18.el8.x86_64.rpm
libfontenc-1.1.3-8.el8.x86_64.rpm
libgcc-8.2.1-3.5.el8.x86_64.rpm
libgcrypt-1.8.3-2.el8.x86_64.rpm
libgomp-8.2.1-3.5.el8.x86_64.rpm
libgpg-error-1.31-1.el8.x86_64.rpm
libgs-9.25-2.el8_0.3.x86_64.rpm
libICE-1.0.9-13.el8.x86_64.rpm
libicu-60.2-7.el8.x86_64.rpm
libidn-1.34-5.el8.x86_64.rpm
libidn2-2.0.5-1.el8.x86_64.rpm
libijs-0.35-5.el8.x86_64.rpm
libipt-1.6.1-8.el8.x86_64.rpm
libjpeg-turbo-1.5.3-7.el8.x86_64.rpm
libkadm5-1.16.1-22.el8.x86_64.rpm
libkcapi-1.1.1-16_1.el8.x86_64.rpm
libkcapi-hmaccalc-1.1.1-16_1.el8.x86_64.rpm
libksba-1.3.5-7.el8.x86_64.rpm
libmcpp-2.7.2-20.el8.x86_64.rpm
libmetalink-0.1.3-7.el8.x86_64.rpm
libmodulemd1-1.8.0-5.el8.x86_64.rpm
libmodulemd-2.0.0-5.el8.x86_64.rpm
libmount-2.32.1-8.el8.x86_64.rpm
libmpc-1.0.2-9.el8.x86_64.rpm
libnghttp2-1.33.0-1.el8.x86_64.rpm
libnsl-2.28-42.el8_0.1.x86_64.rpm
libnsl2-1.2.0-2.20180605git4a062cf.el8.x86_64.rpm
libpaper-1.1.24-22.el8.x86_64.rpm
libpcap-1.9.0-1.el8.x86_64.rpm
libpkgconf-1.4.2-1.el8.x86_64.rpm
libpng-1.6.34-5.el8.x86_64.rpm
libpsl-0.20.2-5.el8.x86_64.rpm
libpwquality-1.4.0-9.el8.x86_64.rpm
librepo-1.9.2-1.el8.x86_64.rpm
libreport-filesystem-2.9.5-6.el8.x86_64.rpm
librsvg2-2.42.7-2.el8.x86_64.rpm
libseccomp-2.3.3-3.el8.x86_64.rpm
libsecret-0.18.6-1.el8.x86_64.rpm
libselinux-2.8-6.el8.x86_64.rpm
libselinux-devel-2.8-6.el8.x86_64.rpm
libsemanage-2.8-5.el8.x86_64.rpm
libsepol-2.8-2.el8.x86_64.rpm
libsepol-devel-2.8-2.el8.x86_64.rpm
libsigsegv-2.11-5.el8.x86_64.rpm
libSM-1.2.3-1.el8.x86_64.rpm
libsmartcols-2.32.1-8.el8.x86_64.rpm
libsolv-0.6.35-6.el8.x86_64.rpm
libssh-0.8.5-2.el8.x86_64.rpm
libstdc++-8.2.1-3.5.el8.x86_64.rpm
libstdc++-devel-8.2.1-3.5.el8.x86_64.rpm
libtasn1-4.13-3.el8.x86_64.rpm
libthai-0.1.27-2.el8.x86_64.rpm
libtiff-4.0.9-13.el8.x86_64.rpm
libtirpc-1.1.4-3.el8.x86_64.rpm
libtool-2.4.6-25.el8.x86_64.rpm
libtool-ltdl-2.4.6-25.el8.x86_64.rpm
libunistring-0.9.9-3.el8.x86_64.rpm
libusbx-1.0.22-1.el8.x86_64.rpm
libutempter-1.1.6-14.el8.x86_64.rpm
libuuid-2.32.1-8.el8.x86_64.rpm
libverto-0.3.0-5.el8.x86_64.rpm
libverto-devel-0.3.0-5.el8.x86_64.rpm
libvirt-python-4.5.0-1.module_el8.0.0+44+94c1b039.src.rpm
libwebp-1.0.0-1.el8.x86_64.rpm
libX11-1.6.7-1.el8.x86_64.rpm
libX11-common-1.6.7-1.el8.noarch.rpm
libXau-1.0.8-13.el8.x86_64.rpm
libXaw-1.0.13-10.el8.x86_64.rpm
libxcb-1.13-5.el8.x86_64.rpm
libXcomposite-0.4.4-14.el8.x86_64.rpm
libxcrypt-4.1.1-4.el8.x86_64.rpm
libxcrypt-devel-4.1.1-4.el8.x86_64.rpm
libXcursor-1.1.15-3.el8.x86_64.rpm
libXdamage-1.1.4-14.el8.x86_64.rpm
libXext-1.3.3-9.el8.x86_64.rpm
libXfixes-5.0.3-7.el8.x86_64.rpm
libXft-2.3.2-10.el8.x86_64.rpm
libXi-1.7.9-7.el8.x86_64.rpm
libXinerama-1.1.4-1.el8.x86_64.rpm
libxml2-2.9.7-5.el8.x86_64.rpm
libXmu-1.1.2-12.el8.x86_64.rpm
libXpm-3.5.12-7.el8.x86_64.rpm
libXrandr-1.5.1-7.el8.x86_64.rpm
libXrender-0.9.10-7.el8.x86_64.rpm
libxslt-1.1.32-3.el8.x86_64.rpm
libXt-1.1.5-8.el8.x86_64.rpm
libXtst-1.2.3-7.el8.x86_64.rpm
libXxf86misc-1.0.4-1.el8.x86_64.rpm
libXxf86vm-1.1.4-9.el8.x86_64.rpm
libyaml-0.1.7-5.el8.x86_64.rpm
lksctp-tools-1.0.18-3.el8.x86_64.rpm
lksctp-tools-devel-1.0.18-3.el8.x86_64.rpm
logrotate-3.14.0-3.el8.src.rpm
lua-5.3.4-10.el8.x86_64.rpm
lua-devel-5.3.4-10.el8.x86_64.rpm
lua-libs-5.3.4-10.el8.x86_64.rpm
lz4-libs-1.8.1.2-4.el8.x86_64.rpm
m4-1.4.18-7.el8.x86_64.rpm
make-4.2.1-9.el8.x86_64.rpm
mcpp-2.7.2-20.el8.x86_64.rpm
mpfr-3.1.6-1.el8.x86_64.rpm
mysql-common-8.0.17-3.module_el8.0.0+181+899d6349.x86_64.rpm
mysql-community-client-8.0.17-1.el8.x86_64.rpm
mysql-community-common-8.0.17-1.el8.x86_64.rpm
mysql-community-devel-8.0.17-1.el8.x86_64.rpm
mysql-community-libs-8.0.17-1.el8.x86_64.rpm
mysql-community-server-8.0.17-1.el8.x86_64.rpm
ncurses-6.1-7.20180224.el8.x86_64.rpm
ncurses-base-6.1-7.20180224.el8.noarch.rpm
ncurses-c++-libs-6.1-7.20180224.el8.x86_64.rpm
ncurses-devel-6.1-7.20180224.el8.x86_64.rpm
ncurses-libs-6.1-7.20180224.el8.x86_64.rpm
net-snmp-5.8-7.el8_0.1.src.rpm
nettle-3.4.1-1.el8.x86_64.rpm
net-tools-2.0-0.51.20160912git.el8.src.rpm
net-tools-2.0-0.51.20160912git.el8.x86_64.rpm
newt-0.52.20-9.el8.x86_64.rpm
newt-devel-0.52.20-9.el8.x86_64.rpm
npth-1.5-4.el8.x86_64.rpm
nspr-4.21.0-2.el8_0.x86_64.rpm
nss-3.44.0-7.el8_0.x86_64.rpm
nss-softokn-3.44.0-7.el8_0.x86_64.rpm
nss-softokn-freebl-3.44.0-7.el8_0.x86_64.rpm
nss-sysinit-3.44.0-7.el8_0.x86_64.rpm
nss-tools-3.44.0-7.el8_0.x86_64.rpm
nss-util-3.44.0-7.el8_0.x86_64.rpm
numactl-devel-2.0.12-2.el8.x86_64.rpm
numactl-libs-2.0.12-2.el8.x86_64.rpm
ocaml-srpm-macros-5-4.el8.noarch.rpm
openblas-srpm-macros-2-2.el8.noarch.rpm
openjpeg2-2.3.0-8.el8.x86_64.rpm
openldap-2.4.46-9.el8.src.rpm
openldap-2.4.46-9.el8.x86_64.rpm
openldap-devel-2.4.46-9.el8.x86_64.rpm
openssh-7.8p1-4.el8.src.rpm
openssh-7.8p1-4.el8.x86_64.rpm
openssh-clients-7.8p1-4.el8.x86_64.rpm
openssl-1.1.1-8.el8.x86_64.rpm
openssl-devel-1.1.1-8.el8.x86_64.rpm
openssl-libs-1.1.1-8.el8.x86_64.rpm
p11-kit-0.23.14-5.el8_0.x86_64.rpm
p11-kit-trust-0.23.14-5.el8_0.x86_64.rpm
pam-1.3.1-4.el8.x86_64.rpm
pam-devel-1.3.1-4.el8.x86_64.rpm
pango-1.42.4-5.el8_0.x86_64.rpm
patch-2.7.6-9.el8_0.x86_64.rpm
pciutils-3.5.6-4.el8.x86_64.rpm
pciutils-devel-3.5.6-4.el8.x86_64.rpm
pciutils-libs-3.5.6-4.el8.x86_64.rpm
pcre2-10.32-1.el8.x86_64.rpm
pcre2-devel-10.32-1.el8.x86_64.rpm
pcre2-utf16-10.32-1.el8.x86_64.rpm
pcre2-utf32-10.32-1.el8.x86_64.rpm
pcre-8.42-4.el8.x86_64.rpm
pcre-cpp-8.42-4.el8.x86_64.rpm
pcre-devel-8.42-4.el8.x86_64.rpm
pcre-utf16-8.42-4.el8.x86_64.rpm
pcre-utf32-8.42-4.el8.x86_64.rpm
perl-Carp-1.42-396.el8.noarch.rpm
perl-constant-1.33-396.el8.noarch.rpm
perl-Data-Dumper-2.167-399.el8.x86_64.rpm
perl-devel-5.26.3-416.el8.x86_64.rpm
perl-Encode-2.97-3.el8.x86_64.rpm
perl-Errno-1.28-416.el8.x86_64.rpm
perl-Error-0.17025-2.el8.noarch.rpm
perl-Exporter-5.72-396.el8.noarch.rpm
perl-ExtUtils-Command-7.34-1.el8.noarch.rpm
perl-ExtUtils-Embed-1.34-416.el8.noarch.rpm
perl-ExtUtils-Install-2.14-4.el8.noarch.rpm
perl-ExtUtils-MakeMaker-7.34-1.el8.noarch.rpm
perl-ExtUtils-Manifest-1.70-395.el8.noarch.rpm
perl-ExtUtils-ParseXS-3.35-2.el8.noarch.rpm
perl-Fedora-VSP-0.001-9.el8.noarch.rpm
perl-File-Path-2.15-2.el8.noarch.rpm
perl-File-Temp-0.230.600-1.el8.noarch.rpm
perl-generators-1.10-7.el8.noarch.rpm
perl-Getopt-Long-2.50-4.el8.noarch.rpm
perl-Git-2.18.1-3.el8.noarch.rpm
perl-HTTP-Tiny-0.074-1.el8.noarch.rpm
perl-interpreter-5.26.3-416.el8.x86_64.rpm
perl-IO-1.38-416.el8.x86_64.rpm
perl-libintl-perl-1.29-2.el8.x86_64.rpm
perl-libs-5.26.3-416.el8.x86_64.rpm
perl-macros-5.26.3-416.el8.x86_64.rpm
perl-MIME-Base64-3.15-396.el8.x86_64.rpm
perl-parent-0.237-1.el8.noarch.rpm
perl-PathTools-3.74-1.el8.x86_64.rpm
perl-Pod-Escapes-1.07-395.el8.noarch.rpm
perl-podlators-4.11-1.el8.noarch.rpm
perl-Pod-Perldoc-3.28-396.el8.noarch.rpm
perl-Pod-Simple-3.35-395.el8.noarch.rpm
perl-Pod-Usage-1.69-395.el8.noarch.rpm
perl-Scalar-List-Utils-1.49-2.el8.x86_64.rpm
perl-Socket-2.027-2.el8.x86_64.rpm
perl-srpm-macros-1-25.el8.noarch.rpm
perl-Storable-3.11-3.el8.x86_64.rpm
perl-Term-ANSIColor-4.06-396.el8.noarch.rpm
perl-Term-Cap-1.17-395.el8.noarch.rpm
perl-TermReadKey-2.37-7.el8.x86_64.rpm
perl-Test-Harness-3.42-1.el8.noarch.rpm
perl-Text-ParseWords-3.30-395.el8.noarch.rpm
perl-Text-Tabs+Wrap-2013.0523-395.el8.noarch.rpm
perl-Text-Unidecode-1.30-5.el8.noarch.rpm
perl-Thread-Queue-3.13-1.el8.noarch.rpm
perl-threads-2.21-2.el8.x86_64.rpm
perl-threads-shared-1.58-2.el8.x86_64.rpm
perl-Time-Local-1.280-1.el8.noarch.rpm
perl-Unicode-EastAsianWidth-1.33-13.el8.noarch.rpm
perl-Unicode-Normalize-1.25-396.el8.x86_64.rpm
perl-version-0.99.24-1.el8.x86_64.rpm
pesign-0.112-25.el8.x86_64.rpm
pigz-2.4-2.el8.x86_64.rpm
pixman-0.36.0-1.el8.x86_64.rpm
pkgconf-1.4.2-1.el8.x86_64.rpm
pkgconf-m4-1.4.2-1.el8.noarch.rpm
pkgconf-pkg-config-1.4.2-1.el8.x86_64.rpm
platform-python-3.6.8-2.el8_0.0.1.x86_64.rpm
platform-python-devel-3.6.8-2.el8_0.0.1.x86_64.rpm
platform-python-pip-9.0.3-13.el8.noarch.rpm
platform-python-setuptools-39.2.0-4.el8.noarch.rpm
popt-1.16-14.el8.x86_64.rpm
popt-devel-1.16-14.el8.x86_64.rpm
procps-ng-3.3.15-1.el8.x86_64.rpm
publicsuffix-list-dafsa-20180723-1.el8.noarch.rpm
python36-3.6.8-2.module_el8.0.0+33+0a10c0e1.x86_64.rpm
python36-devel-3.6.8-2.module_el8.0.0+33+0a10c0e1.x86_64.rpm
python3-dnf-4.0.9.2-5.el8.noarch.rpm
python3-docutils-0.14-12.module_el8.0.0+33+0a10c0e1.noarch.rpm
python3-gpg-1.10.0-6.el8.0.1.x86_64.rpm
python3-hawkey-0.22.5-5.el8_0.x86_64.rpm
python3-iniparse-0.4-31.el8.noarch.rpm
python3-libcomps-0.1.8-13.el8.x86_64.rpm
python3-libdnf-0.22.5-5.el8_0.x86_64.rpm
python3-libs-3.6.8-2.el8_0.0.1.x86_64.rpm
python3-pip-9.0.3-13.el8.noarch.rpm
python3-pyparsing-2.4.5-1.el8.noarch.rpm
python3-rpm-4.14.2-11.el8_0.x86_64.rpm
python3-rpm-generators-5-4.el8.noarch.rpm
python3-rpm-macros-3-37.el8.noarch.rpm
python3-setuptools-39.2.0-4.el8.noarch.rpm
python3-six-1.11.0-8.el8.noarch.rpm
python-rpm-macros-3-37.el8.noarch.rpm
python-srpm-macros-3-37.el8.noarch.rpm
qt5-srpm-macros-5.11.1-2.el8.noarch.rpm
readline-7.0-10.el8.x86_64.rpm
redhat-rpm-config-116-1.el8.0.1.noarch.rpm
rpm-4.14.2-11.el8_0.x86_64.rpm
rpm-build-4.14.2-11.el8_0.x86_64.rpm
rpm-build-libs-4.14.2-11.el8_0.x86_64.rpm
rpm-libs-4.14.2-11.el8_0.x86_64.rpm
rust-srpm-macros-5-2.el8.noarch.rpm
sed-4.5-1.el8.x86_64.rpm
setup-2.12.2-2.el8.noarch.rpm
setup-2.12.2-2.el8.src.rpm
sgml-common-0.6.3-50.el8.noarch.rpm
shadow-utils-4.6-7.el8.x86_64.rpm
shared-mime-info-1.9-3.el8.x86_64.rpm
shim-15-8.el8.src.rpm
slang-2.3.2-3.el8.x86_64.rpm
slang-devel-2.3.2-3.el8.x86_64.rpm
source-highlight-3.1.8-16.el8.x86_64.rpm
sqlite-libs-3.26.0-3.el8.x86_64.rpm
sudo-1.8.25p1-4.el8.src.rpm
systemd-239-13.el8_0.5.src.rpm
systemd-239-13.el8_0.5.x86_64.rpm
systemd-devel-239-13.el8_0.5.x86_64.rpm
systemd-libs-239-13.el8_0.5.x86_64.rpm
systemd-pam-239-13.el8_0.5.x86_64.rpm
systemtap-sdt-devel-4.0-7.el8.x86_64.rpm
tar-1.30-4.el8.x86_64.rpm
texinfo-6.5-4.el8.x86_64.rpm
ttmkfdir-3.0.9-54.el8.x86_64.rpm
tzdata-2019a-1.el8.noarch.rpm
tzdata-java-2019a-1.el8.noarch.rpm
unzip-6.0-41.el8.x86_64.rpm
urw-base35-bookman-fonts-20170801-10.el8.noarch.rpm
urw-base35-c059-fonts-20170801-10.el8.noarch.rpm
urw-base35-d050000l-fonts-20170801-10.el8.noarch.rpm
urw-base35-fonts-20170801-10.el8.noarch.rpm
urw-base35-fonts-common-20170801-10.el8.noarch.rpm
urw-base35-gothic-fonts-20170801-10.el8.noarch.rpm
urw-base35-nimbus-mono-ps-fonts-20170801-10.el8.noarch.rpm
urw-base35-nimbus-roman-fonts-20170801-10.el8.noarch.rpm
urw-base35-nimbus-sans-fonts-20170801-10.el8.noarch.rpm
urw-base35-p052-fonts-20170801-10.el8.noarch.rpm
urw-base35-standard-symbols-ps-fonts-20170801-10.el8.noarch.rpm
urw-base35-z003-fonts-20170801-10.el8.noarch.rpm
util-linux-2.32.1-8.el8.x86_64.rpm
vim-filesystem-8.0.1763-10.el8.noarch.rpm
watchdog-5.15-1.el8.src.rpm
which-2.21-10.el8.x86_64.rpm
xml-common-0.6.3-50.el8.noarch.rpm
xmlto-0.0.28-7.el8.x86_64.rpm
xorg-x11-fonts-ISO8859-1-100dpi-7.5-19.el8.noarch.rpm
xorg-x11-fonts-Type1-7.5-19.el8.noarch.rpm
xorg-x11-font-utils-7.5-40.el8.x86_64.rpm
xorg-x11-server-utils-7.7-27.el8.x86_64.rpm
xz-5.2.4-3.el8.x86_64.rpm
xz-devel-5.2.4-3.el8.x86_64.rpm
xz-libs-5.2.4-3.el8.x86_64.rpm
yum-4.0.9.2-5.el8.noarch.rpm
zip-3.0-23.el8.x86_64.rpm
zlib-1.2.11-10.el8.x86_64.rpm
zlib-devel-1.2.11-10.el8.x86_64.rpm
doxygen-1.8.14-9.el8.x86_64.rpm
gamin-devel-0.1.10-31.el8.x86_64.rpm
javapackages-filesystem-5.3.0-2.module_el8.0.0+30+832da3a1.noarch.rpm
lua-devel-5.3.4-10.el8.x86_64.rpm
perl-Unicode-EastAsianWidth-1.33-13.el8.noarch.rpm
texinfo-6.5-4.el8.x86_64.rpm
